2018/01/25 13:19:30 [notice] 1#1: using the "epoll" event method
2018/01/25 13:19:30 [notice] 1#1: openresty/1.11.2.2
2018/01/25 13:19:30 [notice] 1#1: built by gcc 5.3.0 (Alpine 5.3.0) 
2018/01/25 13:19:30 [notice] 1#1: OS: Linux 4.4.0-112-generic
2018/01/25 13:19:30 [notice] 1#1: getrlimit(RLIMIT_NOFILE): 1048576:1048576
2018/01/25 13:19:30 [notice] 1#1: start worker processes
2018/01/25 13:19:30 [notice] 1#1: start worker process 7
2018/01/25 13:29:23 [notice] 1#1: signal 15 (SIGTERM) received, exiting
2018/01/25 13:29:23 [notice] 7#7: exiting
2018/01/25 13:29:23 [notice] 7#7: exit
2018/01/25 13:29:23 [notice] 1#1: signal 17 (SIGCHLD) received
2018/01/25 13:29:23 [notice] 1#1: worker process 7 exited with code 0
2018/01/25 13:29:23 [notice] 1#1: exit
2018/01/25 13:32:08 [notice] 1#1: using the "epoll" event method
2018/01/25 13:32:08 [notice] 1#1: openresty/1.11.2.2
2018/01/25 13:32:08 [notice] 1#1: built by gcc 5.3.0 (Alpine 5.3.0) 
2018/01/25 13:32:08 [notice] 1#1: OS: Linux 4.4.0-112-generic
2018/01/25 13:32:08 [notice] 1#1: getrlimit(RLIMIT_NOFILE): 1048576:1048576
2018/01/25 13:32:08 [notice] 1#1: start worker processes
2018/01/25 13:32:08 [notice] 1#1: start worker process 7
2018/01/25 13:32:08 [notice] 1#1: start worker process 8
2018/01/25 13:32:08 [notice] 1#1: start worker process 9
2018/01/25 13:32:08 [notice] 1#1: start worker process 10
2018/01/25 13:32:22 [crit] 7#7: *1 connect() to unix:/sock/docker.sock failed (2: No such file or directory) while connecting to upstream, client: 172.18.0.1, server: local, request: "GET /123 HTTP/1.1", upstream: "fastcgi://unix:/sock/docker.sock:", host: "local:8003"
2018/01/25 13:33:31 [notice] 1#1: signal 15 (SIGTERM) received, exiting
2018/01/25 13:33:31 [notice] 8#8: exiting
2018/01/25 13:33:31 [notice] 7#7: exiting
2018/01/25 13:33:31 [notice] 7#7: exit
2018/01/25 13:33:31 [notice] 8#8: exit
2018/01/25 13:33:31 [notice] 9#9: exiting
2018/01/25 13:33:31 [notice] 10#10: exiting
2018/01/25 13:33:31 [notice] 9#9: exit
2018/01/25 13:33:31 [notice] 10#10: exit
2018/01/25 13:33:31 [notice] 1#1: signal 17 (SIGCHLD) received
2018/01/25 13:33:31 [notice] 1#1: worker process 8 exited with code 0
2018/01/25 13:33:31 [notice] 1#1: worker process 10 exited with code 0
2018/01/25 13:33:31 [notice] 1#1: signal 29 (SIGIO) received
2018/01/25 13:33:31 [notice] 1#1: signal 17 (SIGCHLD) received
2018/01/25 13:33:31 [notice] 1#1: worker process 9 exited with code 0
2018/01/25 13:33:31 [notice] 1#1: worker process 7 exited with code 0
2018/01/25 13:33:31 [notice] 1#1: exit
2018/01/25 13:33:35 [notice] 1#1: using the "epoll" event method
2018/01/25 13:33:35 [notice] 1#1: openresty/1.11.2.2
2018/01/25 13:33:35 [notice] 1#1: built by gcc 5.3.0 (Alpine 5.3.0) 
2018/01/25 13:33:35 [notice] 1#1: OS: Linux 4.4.0-112-generic
2018/01/25 13:33:35 [notice] 1#1: getrlimit(RLIMIT_NOFILE): 1048576:1048576
2018/01/25 13:33:35 [notice] 1#1: start worker processes
2018/01/25 13:33:35 [notice] 1#1: start worker process 7
2018/01/25 13:33:35 [notice] 1#1: start worker process 8
2018/01/25 13:33:35 [notice] 1#1: start worker process 9
2018/01/25 13:33:35 [notice] 1#1: start worker process 10
2018/01/25 13:33:46 [crit] 7#7: *1 connect() to unix:/sock/docker.sock failed (2: No such file or directory) while connecting to upstream, client: 172.18.0.1, server: local, request: "GET /123 HTTP/1.1", upstream: "fastcgi://unix:/sock/docker.sock:", host: "local:8003"
2018/01/25 13:35:01 [notice] 1#1: signal 15 (SIGTERM) received, exiting
2018/01/25 13:35:01 [notice] 7#7: exiting
2018/01/25 13:35:01 [notice] 8#8: exiting
2018/01/25 13:35:01 [notice] 9#9: exiting
2018/01/25 13:35:01 [notice] 7#7: exit
2018/01/25 13:35:01 [notice] 9#9: exit
2018/01/25 13:35:01 [notice] 8#8: exit
2018/01/25 13:35:01 [notice] 10#10: exiting
2018/01/25 13:35:01 [notice] 10#10: exit
2018/01/25 13:35:01 [notice] 1#1: signal 17 (SIGCHLD) received
2018/01/25 13:35:01 [notice] 1#1: worker process 7 exited with code 0
2018/01/25 13:35:01 [notice] 1#1: signal 29 (SIGIO) received
2018/01/25 13:35:01 [notice] 1#1: signal 17 (SIGCHLD) received
2018/01/25 13:35:01 [notice] 1#1: worker process 8 exited with code 0
2018/01/25 13:35:01 [notice] 1#1: signal 29 (SIGIO) received
2018/01/25 13:35:01 [notice] 1#1: signal 17 (SIGCHLD) received
2018/01/25 13:35:01 [notice] 1#1: worker process 10 exited with code 0
2018/01/25 13:35:01 [notice] 1#1: signal 29 (SIGIO) received
2018/01/25 13:35:01 [notice] 1#1: signal 17 (SIGCHLD) received
2018/01/25 13:35:01 [notice] 1#1: worker process 9 exited with code 0
2018/01/25 13:35:01 [notice] 1#1: exit
2018/01/25 13:35:05 [notice] 1#1: using the "epoll" event method
2018/01/25 13:35:05 [notice] 1#1: openresty/1.11.2.2
2018/01/25 13:35:05 [notice] 1#1: built by gcc 5.3.0 (Alpine 5.3.0) 
2018/01/25 13:35:05 [notice] 1#1: OS: Linux 4.4.0-112-generic
2018/01/25 13:35:05 [notice] 1#1: getrlimit(RLIMIT_NOFILE): 1048576:1048576
2018/01/25 13:35:05 [notice] 1#1: start worker processes
2018/01/25 13:35:05 [notice] 1#1: start worker process 7
2018/01/25 13:35:05 [notice] 1#1: start worker process 8
2018/01/25 13:35:05 [notice] 1#1: start worker process 9
2018/01/25 13:35:05 [notice] 1#1: start worker process 10
2018/01/25 13:36:31 [notice] 1#1: signal 15 (SIGTERM) received, exiting
2018/01/25 13:36:31 [notice] 9#9: exiting
2018/01/25 13:36:31 [notice] 8#8: exiting
2018/01/25 13:36:31 [notice] 8#8: exit
2018/01/25 13:36:31 [notice] 9#9: exit
2018/01/25 13:36:31 [notice] 7#7: exiting
2018/01/25 13:36:31 [notice] 7#7: exit
2018/01/25 13:36:31 [notice] 10#10: exiting
2018/01/25 13:36:31 [notice] 10#10: exit
2018/01/25 13:36:31 [notice] 1#1: signal 17 (SIGCHLD) received
2018/01/25 13:36:31 [notice] 1#1: worker process 8 exited with code 0
2018/01/25 13:36:31 [notice] 1#1: worker process 9 exited with code 0
2018/01/25 13:36:31 [notice] 1#1: signal 29 (SIGIO) received
2018/01/25 13:36:31 [notice] 1#1: signal 17 (SIGCHLD) received
2018/01/25 13:36:31 [notice] 1#1: worker process 7 exited with code 0
2018/01/25 13:36:31 [notice] 1#1: worker process 10 exited with code 0
2018/01/25 13:36:31 [notice] 1#1: exit
2018/01/25 13:36:35 [notice] 1#1: using the "epoll" event method
2018/01/25 13:36:35 [notice] 1#1: openresty/1.11.2.2
2018/01/25 13:36:35 [notice] 1#1: built by gcc 5.3.0 (Alpine 5.3.0) 
2018/01/25 13:36:35 [notice] 1#1: OS: Linux 4.4.0-112-generic
2018/01/25 13:36:35 [notice] 1#1: getrlimit(RLIMIT_NOFILE): 1048576:1048576
2018/01/25 13:36:35 [notice] 1#1: start worker processes
2018/01/25 13:36:35 [notice] 1#1: start worker process 7
2018/01/25 13:36:35 [notice] 1#1: start worker process 8
2018/01/25 13:36:35 [notice] 1#1: start worker process 9
2018/01/25 13:36:35 [notice] 1#1: start worker process 10
2018/01/25 13:36:58 [crit] 8#8: *1 connect() to unix:/sock/docker.sock failed (13: Permission denied) while connecting to upstream, client: 172.18.0.1, server: local, request: "GET /123 HTTP/1.1", upstream: "fastcgi://unix:/sock/docker.sock:", host: "local:8003"
2018/01/25 13:37:55 [notice] 1#1: signal 15 (SIGTERM) received, exiting
2018/01/25 13:37:55 [notice] 7#7: exiting
2018/01/25 13:37:55 [notice] 8#8: exiting
2018/01/25 13:37:55 [notice] 9#9: exiting
2018/01/25 13:37:55 [notice] 8#8: exit
2018/01/25 13:37:55 [notice] 9#9: exit
2018/01/25 13:37:55 [notice] 7#7: exit
2018/01/25 13:37:55 [notice] 10#10: exiting
2018/01/25 13:37:55 [notice] 10#10: exit
2018/01/25 13:37:55 [notice] 1#1: signal 17 (SIGCHLD) received
2018/01/25 13:37:55 [notice] 1#1: worker process 9 exited with code 0
2018/01/25 13:37:55 [notice] 1#1: signal 29 (SIGIO) received
2018/01/25 13:37:55 [notice] 1#1: signal 17 (SIGCHLD) received
2018/01/25 13:37:55 [notice] 1#1: worker process 7 exited with code 0
2018/01/25 13:37:55 [notice] 1#1: signal 29 (SIGIO) received
2018/01/25 13:37:55 [notice] 1#1: signal 17 (SIGCHLD) received
2018/01/25 13:37:55 [notice] 1#1: worker process 8 exited with code 0
2018/01/25 13:37:55 [notice] 1#1: signal 17 (SIGCHLD) received
2018/01/25 13:37:55 [notice] 1#1: worker process 10 exited with code 0
2018/01/25 13:37:55 [notice] 1#1: exit
2018/01/25 13:38:00 [notice] 1#1: using the "epoll" event method
2018/01/25 13:38:00 [notice] 1#1: openresty/1.11.2.2
2018/01/25 13:38:00 [notice] 1#1: built by gcc 5.3.0 (Alpine 5.3.0) 
2018/01/25 13:38:00 [notice] 1#1: OS: Linux 4.4.0-112-generic
2018/01/25 13:38:00 [notice] 1#1: getrlimit(RLIMIT_NOFILE): 1048576:1048576
2018/01/25 13:38:00 [notice] 1#1: start worker processes
2018/01/25 13:38:00 [notice] 1#1: start worker process 7
2018/01/25 13:38:00 [notice] 1#1: start worker process 8
2018/01/25 13:38:00 [notice] 1#1: start worker process 9
2018/01/25 13:38:00 [notice] 1#1: start worker process 10
2018/01/25 13:44:54 [notice] 1#1: signal 15 (SIGTERM) received, exiting
2018/01/25 13:44:54 [notice] 8#8: exiting
2018/01/25 13:44:54 [notice] 7#7: exiting
2018/01/25 13:44:54 [notice] 7#7: exit
2018/01/25 13:44:54 [notice] 8#8: exit
2018/01/25 13:44:54 [notice] 10#10: exiting
2018/01/25 13:44:54 [notice] 10#10: exit
2018/01/25 13:44:54 [notice] 9#9: exiting
2018/01/25 13:44:54 [notice] 9#9: exit
2018/01/25 13:44:54 [notice] 1#1: signal 17 (SIGCHLD) received
2018/01/25 13:44:54 [notice] 1#1: worker process 7 exited with code 0
2018/01/25 13:44:54 [notice] 1#1: worker process 8 exited with code 0
2018/01/25 13:44:54 [notice] 1#1: worker process 10 exited with code 0
2018/01/25 13:44:54 [notice] 1#1: signal 29 (SIGIO) received
2018/01/25 13:44:54 [notice] 1#1: signal 17 (SIGCHLD) received
2018/01/25 13:44:54 [notice] 1#1: worker process 9 exited with code 0
2018/01/25 13:44:54 [notice] 1#1: exit
2018/01/25 14:04:32 [notice] 1#1: using the "epoll" event method
2018/01/25 14:04:32 [notice] 1#1: openresty/1.11.2.2
2018/01/25 14:04:32 [notice] 1#1: built by gcc 5.3.0 (Alpine 5.3.0) 
2018/01/25 14:04:32 [notice] 1#1: OS: Linux 4.4.0-112-generic
2018/01/25 14:04:32 [notice] 1#1: getrlimit(RLIMIT_NOFILE): 1048576:1048576
2018/01/25 14:04:32 [notice] 1#1: start worker processes
2018/01/25 14:04:32 [notice] 1#1: start worker process 7
2018/01/25 14:04:32 [notice] 1#1: start worker process 8
2018/01/25 14:04:32 [notice] 1#1: start worker process 9
2018/01/25 14:04:32 [notice] 1#1: start worker process 10
2018/01/25 14:05:00 [notice] 1#1: signal 15 (SIGTERM) received, exiting
2018/01/25 14:05:00 [notice] 7#7: exiting
2018/01/25 14:05:00 [notice] 7#7: exit
2018/01/25 14:05:00 [notice] 8#8: exiting
2018/01/25 14:05:00 [notice] 8#8: exit
2018/01/25 14:05:00 [notice] 9#9: exiting
2018/01/25 14:05:00 [notice] 9#9: exit
2018/01/25 14:05:00 [notice] 10#10: exiting
2018/01/25 14:05:00 [notice] 10#10: exit
2018/01/25 14:05:00 [notice] 1#1: signal 17 (SIGCHLD) received
2018/01/25 14:05:00 [notice] 1#1: worker process 7 exited with code 0
2018/01/25 14:05:00 [notice] 1#1: worker process 8 exited with code 0
2018/01/25 14:05:00 [notice] 1#1: worker process 10 exited with code 0
2018/01/25 14:05:00 [notice] 1#1: signal 29 (SIGIO) received
2018/01/25 14:05:00 [notice] 1#1: signal 17 (SIGCHLD) received
2018/01/25 14:05:00 [notice] 1#1: worker process 9 exited with code 0
2018/01/25 14:05:00 [notice] 1#1: exit
2018/01/25 14:05:04 [notice] 1#1: using the "epoll" event method
2018/01/25 14:05:04 [notice] 1#1: openresty/1.11.2.2
2018/01/25 14:05:04 [notice] 1#1: built by gcc 5.3.0 (Alpine 5.3.0) 
2018/01/25 14:05:04 [notice] 1#1: OS: Linux 4.4.0-112-generic
2018/01/25 14:05:04 [notice] 1#1: getrlimit(RLIMIT_NOFILE): 1048576:1048576
2018/01/25 14:05:04 [notice] 1#1: start worker processes
2018/01/25 14:05:04 [notice] 1#1: start worker process 7
2018/01/25 14:05:04 [notice] 1#1: start worker process 8
2018/01/25 14:05:04 [notice] 1#1: start worker process 9
2018/01/25 14:05:04 [notice] 1#1: start worker process 10
2018/01/25 14:05:28 [notice] 1#1: signal 15 (SIGTERM) received, exiting
2018/01/25 14:05:28 [notice] 7#7: exiting
2018/01/25 14:05:28 [notice] 8#8: exiting
2018/01/25 14:05:28 [notice] 7#7: exit
2018/01/25 14:05:28 [notice] 8#8: exit
2018/01/25 14:05:28 [notice] 9#9: exiting
2018/01/25 14:05:28 [notice] 10#10: exiting
2018/01/25 14:05:28 [notice] 9#9: exit
2018/01/25 14:05:28 [notice] 10#10: exit
2018/01/25 14:05:29 [notice] 1#1: signal 17 (SIGCHLD) received
2018/01/25 14:05:29 [notice] 1#1: worker process 7 exited with code 0
2018/01/25 14:05:29 [notice] 1#1: worker process 9 exited with code 0
2018/01/25 14:05:29 [notice] 1#1: worker process 10 exited with code 0
2018/01/25 14:05:29 [notice] 1#1: signal 29 (SIGIO) received
2018/01/25 14:05:29 [notice] 1#1: signal 17 (SIGCHLD) received
2018/01/25 14:05:29 [notice] 1#1: signal 17 (SIGCHLD) received
2018/01/25 14:05:29 [notice] 1#1: worker process 8 exited with code 0
2018/01/25 14:05:29 [notice] 1#1: exit
2018/01/25 14:05:40 [notice] 1#1: using the "epoll" event method
2018/01/25 14:05:40 [notice] 1#1: openresty/1.11.2.2
2018/01/25 14:05:40 [notice] 1#1: built by gcc 5.3.0 (Alpine 5.3.0) 
2018/01/25 14:05:40 [notice] 1#1: OS: Linux 4.4.0-112-generic
2018/01/25 14:05:40 [notice] 1#1: getrlimit(RLIMIT_NOFILE): 1048576:1048576
2018/01/25 14:05:40 [notice] 1#1: start worker processes
2018/01/25 14:05:40 [notice] 1#1: start worker process 6
2018/01/25 14:05:40 [notice] 1#1: start worker process 7
2018/01/25 14:05:40 [notice] 1#1: start worker process 8
2018/01/25 14:05:40 [notice] 1#1: start worker process 9
2018/01/25 14:06:13 [notice] 1#1: signal 15 (SIGTERM) received, exiting
2018/01/25 14:06:13 [notice] 7#7: exiting
2018/01/25 14:06:13 [notice] 8#8: exiting
2018/01/25 14:06:13 [notice] 6#6: exiting
2018/01/25 14:06:13 [notice] 6#6: exit
2018/01/25 14:06:13 [notice] 7#7: exit
2018/01/25 14:06:13 [notice] 8#8: exit
2018/01/25 14:06:13 [notice] 9#9: exiting
2018/01/25 14:06:13 [notice] 9#9: exit
2018/01/25 14:06:13 [notice] 1#1: signal 17 (SIGCHLD) received
2018/01/25 14:06:13 [notice] 1#1: worker process 6 exited with code 0
2018/01/25 14:06:13 [notice] 1#1: signal 29 (SIGIO) received
2018/01/25 14:06:14 [notice] 1#1: signal 17 (SIGCHLD) received
2018/01/25 14:06:14 [notice] 1#1: worker process 7 exited with code 0
2018/01/25 14:06:14 [notice] 1#1: worker process 9 exited with code 0
2018/01/25 14:06:14 [notice] 1#1: signal 29 (SIGIO) received
2018/01/25 14:06:14 [notice] 1#1: signal 17 (SIGCHLD) received
2018/01/25 14:06:14 [notice] 1#1: worker process 8 exited with code 0
2018/01/25 14:06:14 [notice] 1#1: exit
2018/01/25 14:09:14 [notice] 1#1: using the "epoll" event method
2018/01/25 14:09:14 [notice] 1#1: openresty/1.11.2.2
2018/01/25 14:09:14 [notice] 1#1: built by gcc 5.3.0 (Alpine 5.3.0) 
2018/01/25 14:09:14 [notice] 1#1: OS: Linux 4.4.0-112-generic
2018/01/25 14:09:14 [notice] 1#1: getrlimit(RLIMIT_NOFILE): 1048576:1048576
2018/01/25 14:09:14 [notice] 1#1: start worker processes
2018/01/25 14:09:14 [notice] 1#1: start worker process 7
2018/01/25 14:09:14 [notice] 1#1: start worker process 8
2018/01/25 14:09:14 [notice] 1#1: start worker process 9
2018/01/25 14:09:14 [notice] 1#1: start worker process 10
2018/01/25 14:09:21 [notice] 1#1: signal 15 (SIGTERM) received, exiting
2018/01/25 14:09:21 [notice] 10#10: exiting
2018/01/25 14:09:21 [notice] 10#10: exit
2018/01/25 14:09:21 [notice] 7#7: exiting
2018/01/25 14:09:21 [notice] 7#7: exit
2018/01/25 14:09:21 [notice] 8#8: exiting
2018/01/25 14:09:21 [notice] 8#8: exit
2018/01/25 14:09:21 [notice] 9#9: exiting
2018/01/25 14:09:21 [notice] 9#9: exit
2018/01/25 14:09:21 [notice] 1#1: signal 17 (SIGCHLD) received
2018/01/25 14:09:21 [notice] 1#1: worker process 8 exited with code 0
2018/01/25 14:09:21 [notice] 1#1: worker process 10 exited with code 0
2018/01/25 14:09:21 [notice] 1#1: signal 29 (SIGIO) received
2018/01/25 14:09:21 [notice] 1#1: signal 17 (SIGCHLD) received
2018/01/25 14:09:21 [notice] 1#1: signal 17 (SIGCHLD) received
2018/01/25 14:09:21 [notice] 1#1: worker process 9 exited with code 0
2018/01/25 14:09:21 [notice] 1#1: signal 29 (SIGIO) received
2018/01/25 14:09:21 [notice] 1#1: signal 17 (SIGCHLD) received
2018/01/25 14:09:21 [notice] 1#1: worker process 7 exited with code 0
2018/01/25 14:09:21 [notice] 1#1: exit
2018/01/25 14:09:30 [notice] 1#1: using the "epoll" event method
2018/01/25 14:09:30 [notice] 1#1: openresty/1.11.2.2
2018/01/25 14:09:30 [notice] 1#1: built by gcc 5.3.0 (Alpine 5.3.0) 
2018/01/25 14:09:30 [notice] 1#1: OS: Linux 4.4.0-112-generic
2018/01/25 14:09:30 [notice] 1#1: getrlimit(RLIMIT_NOFILE): 1048576:1048576
2018/01/25 14:09:30 [notice] 1#1: start worker processes
2018/01/25 14:09:30 [notice] 1#1: start worker process 7
2018/01/25 14:09:30 [notice] 1#1: start worker process 8
2018/01/25 14:09:30 [notice] 1#1: start worker process 9
2018/01/25 14:09:30 [notice] 1#1: start worker process 10
2018/01/25 14:10:01 [notice] 1#1: signal 15 (SIGTERM) received, exiting
2018/01/25 14:10:01 [notice] 7#7: exiting
2018/01/25 14:10:01 [notice] 9#9: exiting
2018/01/25 14:10:01 [notice] 7#7: exit
2018/01/25 14:10:01 [notice] 9#9: exit
2018/01/25 14:10:01 [notice] 8#8: exiting
2018/01/25 14:10:01 [notice] 8#8: exit
2018/01/25 14:10:01 [notice] 10#10: exiting
2018/01/25 14:10:01 [notice] 10#10: exit
2018/01/25 14:10:01 [notice] 1#1: signal 17 (SIGCHLD) received
2018/01/25 14:10:01 [notice] 1#1: worker process 7 exited with code 0
2018/01/25 14:10:01 [notice] 1#1: signal 29 (SIGIO) received
2018/01/25 14:10:01 [notice] 1#1: signal 17 (SIGCHLD) received
2018/01/25 14:10:01 [notice] 1#1: worker process 9 exited with code 0
2018/01/25 14:10:01 [notice] 1#1: worker process 10 exited with code 0
2018/01/25 14:10:01 [notice] 1#1: signal 17 (SIGCHLD) received
2018/01/25 14:10:01 [notice] 1#1: worker process 8 exited with code 0
2018/01/25 14:10:01 [notice] 1#1: exit
2018/01/25 14:10:10 [notice] 1#1: using the "epoll" event method
2018/01/25 14:10:10 [notice] 1#1: openresty/1.11.2.2
2018/01/25 14:10:10 [notice] 1#1: built by gcc 5.3.0 (Alpine 5.3.0) 
2018/01/25 14:10:10 [notice] 1#1: OS: Linux 4.4.0-112-generic
2018/01/25 14:10:10 [notice] 1#1: getrlimit(RLIMIT_NOFILE): 1048576:1048576
2018/01/25 14:10:10 [notice] 1#1: start worker processes
2018/01/25 14:10:10 [notice] 1#1: start worker process 7
2018/01/25 14:10:10 [notice] 1#1: start worker process 8
2018/01/25 14:10:10 [notice] 1#1: start worker process 9
2018/01/25 14:10:10 [notice] 1#1: start worker process 10
2018/01/25 14:10:38 [notice] 1#1: signal 15 (SIGTERM) received, exiting
2018/01/25 14:10:38 [notice] 8#8: exiting
2018/01/25 14:10:38 [notice] 9#9: exiting
2018/01/25 14:10:38 [notice] 7#7: exiting
2018/01/25 14:10:38 [notice] 7#7: exit
2018/01/25 14:10:38 [notice] 9#9: exit
2018/01/25 14:10:38 [notice] 8#8: exit
2018/01/25 14:10:38 [notice] 10#10: exiting
2018/01/25 14:10:38 [notice] 10#10: exit
2018/01/25 14:10:38 [notice] 1#1: signal 17 (SIGCHLD) received
2018/01/25 14:10:38 [notice] 1#1: worker process 8 exited with code 0
2018/01/25 14:10:38 [notice] 1#1: signal 29 (SIGIO) received
2018/01/25 14:10:38 [notice] 1#1: signal 17 (SIGCHLD) received
2018/01/25 14:10:38 [notice] 1#1: worker process 9 exited with code 0
2018/01/25 14:10:38 [notice] 1#1: signal 29 (SIGIO) received
2018/01/25 14:10:38 [notice] 1#1: signal 17 (SIGCHLD) received
2018/01/25 14:10:38 [notice] 1#1: worker process 10 exited with code 0
2018/01/25 14:10:38 [notice] 1#1: signal 17 (SIGCHLD) received
2018/01/25 14:10:38 [notice] 1#1: worker process 7 exited with code 0
2018/01/25 14:10:38 [notice] 1#1: exit
2018/01/25 14:18:47 [notice] 1#1: using the "epoll" event method
2018/01/25 14:18:47 [notice] 1#1: openresty/1.11.2.2
2018/01/25 14:18:47 [notice] 1#1: built by gcc 5.3.0 (Alpine 5.3.0) 
2018/01/25 14:18:47 [notice] 1#1: OS: Linux 4.4.0-112-generic
2018/01/25 14:18:47 [notice] 1#1: getrlimit(RLIMIT_NOFILE): 1048576:1048576
2018/01/25 14:18:47 [notice] 1#1: start worker processes
2018/01/25 14:18:47 [notice] 1#1: start worker process 7
2018/01/25 14:18:47 [notice] 1#1: start worker process 8
2018/01/25 14:18:47 [notice] 1#1: start worker process 9
2018/01/25 14:18:47 [notice] 1#1: start worker process 10
2018/01/25 14:19:15 [notice] 1#1: signal 15 (SIGTERM) received, exiting
2018/01/25 14:19:15 [notice] 7#7: exiting
2018/01/25 14:19:15 [notice] 8#8: exiting
2018/01/25 14:19:15 [notice] 9#9: exiting
2018/01/25 14:19:15 [notice] 7#7: exit
2018/01/25 14:19:15 [notice] 8#8: exit
2018/01/25 14:19:15 [notice] 9#9: exit
2018/01/25 14:19:15 [notice] 10#10: exiting
2018/01/25 14:19:15 [notice] 10#10: exit
2018/01/25 14:19:15 [notice] 1#1: signal 17 (SIGCHLD) received
2018/01/25 14:19:15 [notice] 1#1: worker process 7 exited with code 0
2018/01/25 14:19:15 [notice] 1#1: signal 29 (SIGIO) received
2018/01/25 14:19:15 [notice] 1#1: signal 17 (SIGCHLD) received
2018/01/25 14:19:15 [notice] 1#1: worker process 8 exited with code 0
2018/01/25 14:19:15 [notice] 1#1: signal 29 (SIGIO) received
2018/01/25 14:19:15 [notice] 1#1: signal 17 (SIGCHLD) received
2018/01/25 14:19:15 [notice] 1#1: worker process 9 exited with code 0
2018/01/25 14:19:15 [notice] 1#1: worker process 10 exited with code 0
2018/01/25 14:19:15 [notice] 1#1: exit
2018/01/25 14:19:27 [notice] 1#1: using the "epoll" event method
2018/01/25 14:19:27 [notice] 1#1: openresty/1.11.2.2
2018/01/25 14:19:27 [notice] 1#1: built by gcc 5.3.0 (Alpine 5.3.0) 
2018/01/25 14:19:27 [notice] 1#1: OS: Linux 4.4.0-112-generic
2018/01/25 14:19:27 [notice] 1#1: getrlimit(RLIMIT_NOFILE): 1048576:1048576
2018/01/25 14:19:27 [notice] 1#1: start worker processes
2018/01/25 14:19:27 [notice] 1#1: start worker process 7
2018/01/25 14:19:27 [notice] 1#1: start worker process 8
2018/01/25 14:19:27 [notice] 1#1: start worker process 9
2018/01/25 14:19:27 [notice] 1#1: start worker process 10
2018/01/25 14:20:28 [notice] 1#1: signal 15 (SIGTERM) received, exiting
2018/01/25 14:20:28 [notice] 7#7: exiting
2018/01/25 14:20:28 [notice] 7#7: exit
2018/01/25 14:20:28 [notice] 8#8: exiting
2018/01/25 14:20:28 [notice] 9#9: exiting
2018/01/25 14:20:28 [notice] 9#9: exit
2018/01/25 14:20:28 [notice] 8#8: exit
2018/01/25 14:20:28 [notice] 10#10: exiting
2018/01/25 14:20:28 [notice] 10#10: exit
2018/01/25 14:20:28 [notice] 1#1: signal 17 (SIGCHLD) received
2018/01/25 14:20:28 [notice] 1#1: worker process 7 exited with code 0
2018/01/25 14:20:28 [notice] 1#1: worker process 9 exited with code 0
2018/01/25 14:20:28 [notice] 1#1: worker process 10 exited with code 0
2018/01/25 14:20:28 [notice] 1#1: signal 29 (SIGIO) received
2018/01/25 14:20:28 [notice] 1#1: signal 17 (SIGCHLD) received
2018/01/25 14:20:28 [notice] 1#1: signal 17 (SIGCHLD) received
2018/01/25 14:20:28 [notice] 1#1: worker process 8 exited with code 0
2018/01/25 14:20:28 [notice] 1#1: exit
2018/01/25 14:20:34 [notice] 1#1: using the "epoll" event method
2018/01/25 14:20:34 [notice] 1#1: openresty/1.11.2.2
2018/01/25 14:20:34 [notice] 1#1: built by gcc 5.3.0 (Alpine 5.3.0) 
2018/01/25 14:20:34 [notice] 1#1: OS: Linux 4.4.0-112-generic
2018/01/25 14:20:34 [notice] 1#1: getrlimit(RLIMIT_NOFILE): 1048576:1048576
2018/01/25 14:20:34 [notice] 1#1: start worker processes
2018/01/25 14:20:34 [notice] 1#1: start worker process 7
2018/01/25 14:20:34 [notice] 1#1: start worker process 8
2018/01/25 14:20:34 [notice] 1#1: start worker process 9
2018/01/25 14:20:34 [notice] 1#1: start worker process 10
2018/01/25 14:24:16 [notice] 1#1: signal 15 (SIGTERM) received, exiting
2018/01/25 14:24:16 [notice] 7#7: exiting
2018/01/25 14:24:16 [notice] 7#7: exit
2018/01/25 14:24:16 [notice] 8#8: exiting
2018/01/25 14:24:16 [notice] 9#9: exiting
2018/01/25 14:24:16 [notice] 9#9: exit
2018/01/25 14:24:16 [notice] 8#8: exit
2018/01/25 14:24:16 [notice] 10#10: exiting
2018/01/25 14:24:16 [notice] 10#10: exit
2018/01/25 14:24:16 [notice] 1#1: signal 17 (SIGCHLD) received
2018/01/25 14:24:16 [notice] 1#1: worker process 8 exited with code 0
2018/01/25 14:24:16 [notice] 1#1: signal 29 (SIGIO) received
2018/01/25 14:24:16 [notice] 1#1: signal 17 (SIGCHLD) received
2018/01/25 14:24:16 [notice] 1#1: worker process 9 exited with code 0
2018/01/25 14:24:16 [notice] 1#1: worker process 7 exited with code 0
2018/01/25 14:24:16 [notice] 1#1: worker process 10 exited with code 0
2018/01/25 14:24:16 [notice] 1#1: exit
2018/01/25 14:24:27 [notice] 1#1: using the "epoll" event method
2018/01/25 14:24:27 [notice] 1#1: openresty/1.11.2.2
2018/01/25 14:24:27 [notice] 1#1: built by gcc 5.3.0 (Alpine 5.3.0) 
2018/01/25 14:24:27 [notice] 1#1: OS: Linux 4.4.0-112-generic
2018/01/25 14:24:27 [notice] 1#1: getrlimit(RLIMIT_NOFILE): 1048576:1048576
2018/01/25 14:24:27 [notice] 1#1: start worker processes
2018/01/25 14:24:27 [notice] 1#1: start worker process 7
2018/01/25 14:24:27 [notice] 1#1: start worker process 8
2018/01/25 14:24:27 [notice] 1#1: start worker process 9
2018/01/25 14:24:27 [notice] 1#1: start worker process 10
2018/01/25 14:25:38 [notice] 1#1: signal 15 (SIGTERM) received, exiting
2018/01/25 14:25:38 [notice] 7#7: exiting
2018/01/25 14:25:38 [notice] 7#7: exit
2018/01/25 14:25:38 [notice] 8#8: exiting
2018/01/25 14:25:38 [notice] 9#9: exiting
2018/01/25 14:25:38 [notice] 9#9: exit
2018/01/25 14:25:38 [notice] 8#8: exit
2018/01/25 14:25:38 [notice] 10#10: exiting
2018/01/25 14:25:38 [notice] 10#10: exit
2018/01/25 14:25:38 [notice] 1#1: signal 17 (SIGCHLD) received
2018/01/25 14:25:38 [notice] 1#1: worker process 8 exited with code 0
2018/01/25 14:25:38 [notice] 1#1: worker process 9 exited with code 0
2018/01/25 14:25:38 [notice] 1#1: signal 29 (SIGIO) received
2018/01/25 14:25:38 [notice] 1#1: signal 17 (SIGCHLD) received
2018/01/25 14:25:38 [notice] 1#1: signal 17 (SIGCHLD) received
2018/01/25 14:25:38 [notice] 1#1: worker process 10 exited with code 0
2018/01/25 14:25:38 [notice] 1#1: signal 29 (SIGIO) received
2018/01/25 14:25:38 [notice] 1#1: signal 17 (SIGCHLD) received
2018/01/25 14:25:38 [notice] 1#1: worker process 7 exited with code 0
2018/01/25 14:25:38 [notice] 1#1: exit
2018/01/25 14:25:43 [notice] 1#1: using the "epoll" event method
2018/01/25 14:25:43 [notice] 1#1: openresty/1.11.2.2
2018/01/25 14:25:43 [notice] 1#1: built by gcc 5.3.0 (Alpine 5.3.0) 
2018/01/25 14:25:43 [notice] 1#1: OS: Linux 4.4.0-112-generic
2018/01/25 14:25:43 [notice] 1#1: getrlimit(RLIMIT_NOFILE): 1048576:1048576
2018/01/25 14:25:43 [notice] 1#1: start worker processes
2018/01/25 14:25:43 [notice] 1#1: start worker process 7
2018/01/25 14:25:43 [notice] 1#1: start worker process 8
2018/01/25 14:25:43 [notice] 1#1: start worker process 9
2018/01/25 14:25:43 [notice] 1#1: start worker process 10
2018/01/25 14:25:52 [crit] 7#7: *1 connect() to unix:/sock/docker.sock failed (13: Permission denied) while connecting to upstream, client: 172.18.0.1, server: local, request: "GET /a.php9998888 HTTP/1.1", upstream: "fastcgi://unix:/sock/docker.sock:", host: "local:8003"
2018/01/25 14:26:05 [notice] 1#1: signal 15 (SIGTERM) received, exiting
2018/01/25 14:26:05 [notice] 7#7: exiting
2018/01/25 14:26:05 [notice] 7#7: exit
2018/01/25 14:26:05 [notice] 8#8: exiting
2018/01/25 14:26:05 [notice] 9#9: exiting
2018/01/25 14:26:05 [notice] 9#9: exit
2018/01/25 14:26:05 [notice] 8#8: exit
2018/01/25 14:26:05 [notice] 10#10: exiting
2018/01/25 14:26:05 [notice] 10#10: exit
2018/01/25 14:26:05 [notice] 1#1: signal 17 (SIGCHLD) received
2018/01/25 14:26:05 [notice] 1#1: worker process 7 exited with code 0
2018/01/25 14:26:05 [notice] 1#1: worker process 8 exited with code 0
2018/01/25 14:26:05 [notice] 1#1: worker process 9 exited with code 0
2018/01/25 14:26:05 [notice] 1#1: worker process 10 exited with code 0
2018/01/25 14:26:05 [notice] 1#1: exit
2018/01/25 14:26:15 [notice] 1#1: using the "epoll" event method
2018/01/25 14:26:15 [notice] 1#1: openresty/1.11.2.2
2018/01/25 14:26:15 [notice] 1#1: built by gcc 5.3.0 (Alpine 5.3.0) 
2018/01/25 14:26:15 [notice] 1#1: OS: Linux 4.4.0-112-generic
2018/01/25 14:26:15 [notice] 1#1: getrlimit(RLIMIT_NOFILE): 1048576:1048576
2018/01/25 14:26:15 [notice] 1#1: start worker processes
2018/01/25 14:26:15 [notice] 1#1: start worker process 7
2018/01/25 14:26:15 [notice] 1#1: start worker process 8
2018/01/25 14:26:15 [notice] 1#1: start worker process 9
2018/01/25 14:26:15 [notice] 1#1: start worker process 10
2018/01/25 14:26:23 [notice] 1#1: signal 15 (SIGTERM) received, exiting
2018/01/25 14:26:23 [notice] 7#7: exiting
2018/01/25 14:26:23 [notice] 7#7: exit
2018/01/25 14:26:23 [notice] 8#8: exiting
2018/01/25 14:26:23 [notice] 9#9: exiting
2018/01/25 14:26:23 [notice] 9#9: exit
2018/01/25 14:26:23 [notice] 8#8: exit
2018/01/25 14:26:23 [notice] 10#10: exiting
2018/01/25 14:26:23 [notice] 10#10: exit
2018/01/25 14:26:23 [notice] 1#1: signal 17 (SIGCHLD) received
2018/01/25 14:26:23 [notice] 1#1: worker process 7 exited with code 0
2018/01/25 14:26:23 [notice] 1#1: worker process 9 exited with code 0
2018/01/25 14:26:23 [notice] 1#1: worker process 10 exited with code 0
2018/01/25 14:26:23 [notice] 1#1: signal 29 (SIGIO) received
2018/01/25 14:26:23 [notice] 1#1: signal 17 (SIGCHLD) received
2018/01/25 14:26:23 [notice] 1#1: signal 17 (SIGCHLD) received
2018/01/25 14:26:23 [notice] 1#1: worker process 8 exited with code 0
2018/01/25 14:26:23 [notice] 1#1: exit
2018/01/25 17:00:06 [notice] 1#1: using the "epoll" event method
2018/01/25 17:00:06 [notice] 1#1: openresty/1.11.2.2
2018/01/25 17:00:06 [notice] 1#1: built by gcc 5.3.0 (Alpine 5.3.0) 
2018/01/25 17:00:06 [notice] 1#1: OS: Linux 4.4.0-112-generic
2018/01/25 17:00:06 [notice] 1#1: getrlimit(RLIMIT_NOFILE): 1048576:1048576
2018/01/25 17:00:06 [notice] 1#1: start worker processes
2018/01/25 17:00:06 [notice] 1#1: start worker process 7
2018/01/25 17:00:06 [notice] 1#1: start worker process 8
2018/01/25 17:00:06 [notice] 1#1: start worker process 9
2018/01/25 17:00:06 [notice] 1#1: start worker process 10
2018/01/25 17:01:51 [notice] 1#1: signal 15 (SIGTERM) received, exiting
2018/01/25 17:01:51 [notice] 8#8: exiting
2018/01/25 17:01:51 [notice] 7#7: exiting
2018/01/25 17:01:51 [notice] 10#10: exiting
2018/01/25 17:01:51 [notice] 9#9: exiting
2018/01/25 17:01:51 [notice] 7#7: exit
2018/01/25 17:01:51 [notice] 10#10: exit
2018/01/25 17:01:51 [notice] 9#9: exit
2018/01/25 17:01:51 [notice] 8#8: exit
2018/01/25 17:01:51 [notice] 1#1: signal 17 (SIGCHLD) received
2018/01/25 17:01:51 [notice] 1#1: worker process 7 exited with code 0
2018/01/25 17:01:51 [notice] 1#1: worker process 10 exited with code 0
2018/01/25 17:01:51 [notice] 1#1: signal 29 (SIGIO) received
2018/01/25 17:01:51 [notice] 1#1: signal 17 (SIGCHLD) received
2018/01/25 17:01:51 [notice] 1#1: signal 17 (SIGCHLD) received
2018/01/25 17:01:51 [notice] 1#1: worker process 8 exited with code 0
2018/01/25 17:01:51 [notice] 1#1: signal 29 (SIGIO) received
2018/01/25 17:01:51 [notice] 1#1: signal 17 (SIGCHLD) received
2018/01/25 17:01:51 [notice] 1#1: worker process 9 exited with code 0
2018/01/25 17:01:51 [notice] 1#1: exit
2018/01/25 17:01:51 [notice] 1#1: using the "epoll" event method
2018/01/25 17:01:51 [notice] 1#1: openresty/1.11.2.2
2018/01/25 17:01:51 [notice] 1#1: built by gcc 5.3.0 (Alpine 5.3.0) 
2018/01/25 17:01:51 [notice] 1#1: OS: Linux 4.4.0-112-generic
2018/01/25 17:01:51 [notice] 1#1: getrlimit(RLIMIT_NOFILE): 1048576:1048576
2018/01/25 17:01:51 [notice] 1#1: start worker processes
2018/01/25 17:01:51 [notice] 1#1: start worker process 6
2018/01/25 17:01:51 [notice] 1#1: start worker process 7
2018/01/25 17:01:51 [notice] 1#1: start worker process 8
2018/01/25 17:01:51 [notice] 1#1: start worker process 9
2018/01/25 17:05:38 [notice] 1#1: signal 15 (SIGTERM) received, exiting
2018/01/25 17:05:38 [notice] 7#7: exiting
2018/01/25 17:05:38 [notice] 6#6: exiting
2018/01/25 17:05:38 [notice] 7#7: exit
2018/01/25 17:05:38 [notice] 6#6: exit
2018/01/25 17:05:38 [notice] 8#8: exiting
2018/01/25 17:05:38 [notice] 8#8: exit
2018/01/25 17:05:38 [notice] 9#9: exiting
2018/01/25 17:05:38 [notice] 9#9: exit
2018/01/25 17:05:38 [notice] 1#1: signal 17 (SIGCHLD) received
2018/01/25 17:05:38 [notice] 1#1: worker process 7 exited with code 0
2018/01/25 17:05:38 [notice] 1#1: signal 29 (SIGIO) received
2018/01/25 17:05:38 [notice] 1#1: signal 17 (SIGCHLD) received
2018/01/25 17:05:38 [notice] 1#1: worker process 6 exited with code 0
2018/01/25 17:05:38 [notice] 1#1: worker process 8 exited with code 0
2018/01/25 17:05:38 [notice] 1#1: worker process 9 exited with code 0
2018/01/25 17:05:38 [notice] 1#1: exit
2018/01/25 17:08:06 [notice] 1#1: using the "epoll" event method
2018/01/25 17:08:06 [notice] 1#1: openresty/1.11.2.2
2018/01/25 17:08:06 [notice] 1#1: built by gcc 5.3.0 (Alpine 5.3.0) 
2018/01/25 17:08:06 [notice] 1#1: OS: Linux 4.4.0-112-generic
2018/01/25 17:08:06 [notice] 1#1: getrlimit(RLIMIT_NOFILE): 1048576:1048576
2018/01/25 17:08:06 [notice] 1#1: start worker processes
2018/01/25 17:08:06 [notice] 1#1: start worker process 7
2018/01/25 17:08:06 [notice] 1#1: start worker process 8
2018/01/25 17:08:06 [notice] 1#1: start worker process 9
2018/01/25 17:08:06 [notice] 1#1: start worker process 10
2018/01/25 17:23:14 [notice] 1#1: signal 15 (SIGTERM) received, exiting
2018/01/25 17:23:14 [notice] 8#8: exiting
2018/01/25 17:23:14 [notice] 7#7: exiting
2018/01/25 17:23:14 [notice] 7#7: exit
2018/01/25 17:23:14 [notice] 8#8: exit
2018/01/25 17:23:14 [notice] 9#9: exiting
2018/01/25 17:23:14 [notice] 9#9: exit
2018/01/25 17:23:14 [notice] 10#10: exiting
2018/01/25 17:23:14 [notice] 10#10: exit
2018/01/25 17:23:14 [notice] 1#1: signal 17 (SIGCHLD) received
2018/01/25 17:23:14 [notice] 1#1: worker process 7 exited with code 0
2018/01/25 17:23:14 [notice] 1#1: worker process 8 exited with code 0
2018/01/25 17:23:14 [notice] 1#1: worker process 9 exited with code 0
2018/01/25 17:23:14 [notice] 1#1: worker process 10 exited with code 0
2018/01/25 17:23:14 [notice] 1#1: exit
2018/01/25 17:34:21 [notice] 1#1: using the "epoll" event method
2018/01/25 17:34:21 [notice] 1#1: openresty/1.11.2.2
2018/01/25 17:34:21 [notice] 1#1: built by gcc 5.3.0 (Alpine 5.3.0) 
2018/01/25 17:34:21 [notice] 1#1: OS: Linux 4.4.0-112-generic
2018/01/25 17:34:21 [notice] 1#1: getrlimit(RLIMIT_NOFILE): 1048576:1048576
2018/01/25 17:34:21 [notice] 1#1: start worker processes
2018/01/25 17:34:21 [notice] 1#1: start worker process 7
2018/01/25 17:34:21 [notice] 1#1: start worker process 8
2018/01/25 17:34:21 [notice] 1#1: start worker process 9
2018/01/25 17:34:21 [notice] 1#1: start worker process 10
2018/01/25 17:35:34 [notice] 1#1: signal 15 (SIGTERM) received, exiting
2018/01/25 17:35:34 [notice] 8#8: exiting
2018/01/25 17:35:34 [notice] 8#8: exit
2018/01/25 17:35:34 [notice] 7#7: exiting
2018/01/25 17:35:34 [notice] 7#7: exit
2018/01/25 17:35:34 [notice] 9#9: exiting
2018/01/25 17:35:34 [notice] 9#9: exit
2018/01/25 17:35:34 [notice] 10#10: exiting
2018/01/25 17:35:34 [notice] 10#10: exit
2018/01/25 17:35:34 [notice] 1#1: signal 17 (SIGCHLD) received
2018/01/25 17:35:34 [notice] 1#1: worker process 7 exited with code 0
2018/01/25 17:35:34 [notice] 1#1: worker process 8 exited with code 0
2018/01/25 17:35:34 [notice] 1#1: worker process 9 exited with code 0
2018/01/25 17:35:34 [notice] 1#1: worker process 10 exited with code 0
2018/01/25 17:35:34 [notice] 1#1: exit
2018/01/25 17:36:42 [notice] 1#1: using the "epoll" event method
2018/01/25 17:36:42 [notice] 1#1: openresty/1.11.2.2
2018/01/25 17:36:42 [notice] 1#1: built by gcc 5.3.0 (Alpine 5.3.0) 
2018/01/25 17:36:42 [notice] 1#1: OS: Linux 4.4.0-112-generic
2018/01/25 17:36:42 [notice] 1#1: getrlimit(RLIMIT_NOFILE): 1048576:1048576
2018/01/25 17:36:42 [notice] 1#1: start worker processes
2018/01/25 17:36:42 [notice] 1#1: start worker process 7
2018/01/25 17:36:42 [notice] 1#1: start worker process 8
2018/01/25 17:36:42 [notice] 1#1: start worker process 9
2018/01/25 17:36:42 [notice] 1#1: start worker process 10
2018/01/25 17:40:16 [notice] 1#1: signal 15 (SIGTERM) received, exiting
2018/01/25 17:40:16 [notice] 7#7: exiting
2018/01/25 17:40:16 [notice] 9#9: exiting
2018/01/25 17:40:16 [notice] 7#7: exit
2018/01/25 17:40:16 [notice] 8#8: exiting
2018/01/25 17:40:16 [notice] 9#9: exit
2018/01/25 17:40:16 [notice] 10#10: exiting
2018/01/25 17:40:16 [notice] 8#8: exit
2018/01/25 17:40:16 [notice] 10#10: exit
2018/01/25 17:40:16 [notice] 1#1: signal 17 (SIGCHLD) received
2018/01/25 17:40:16 [notice] 1#1: worker process 7 exited with code 0
2018/01/25 17:40:16 [notice] 1#1: worker process 8 exited with code 0
2018/01/25 17:40:16 [notice] 1#1: signal 29 (SIGIO) received
2018/01/25 17:40:16 [notice] 1#1: signal 17 (SIGCHLD) received
2018/01/25 17:40:16 [notice] 1#1: worker process 9 exited with code 0
2018/01/25 17:40:16 [notice] 1#1: worker process 10 exited with code 0
2018/01/25 17:40:16 [notice] 1#1: exit
2018/01/25 17:40:41 [notice] 1#1: using the "epoll" event method
2018/01/25 17:40:41 [notice] 1#1: openresty/1.11.2.2
2018/01/25 17:40:41 [notice] 1#1: built by gcc 5.3.0 (Alpine 5.3.0) 
2018/01/25 17:40:41 [notice] 1#1: OS: Linux 4.4.0-112-generic
2018/01/25 17:40:41 [notice] 1#1: getrlimit(RLIMIT_NOFILE): 1048576:1048576
2018/01/25 17:40:41 [notice] 1#1: start worker processes
2018/01/25 17:40:41 [notice] 1#1: start worker process 7
2018/01/25 17:40:41 [notice] 1#1: start worker process 8
2018/01/25 17:40:41 [notice] 1#1: start worker process 9
2018/01/25 17:40:41 [notice] 1#1: start worker process 10
2018/01/25 17:41:24 [notice] 1#1: signal 15 (SIGTERM) received, exiting
2018/01/25 17:41:24 [notice] 8#8: exiting
2018/01/25 17:41:24 [notice] 8#8: exit
2018/01/25 17:41:24 [notice] 9#9: exiting
2018/01/25 17:41:24 [notice] 7#7: exiting
2018/01/25 17:41:24 [notice] 7#7: exit
2018/01/25 17:41:24 [notice] 9#9: exit
2018/01/25 17:41:24 [notice] 10#10: exiting
2018/01/25 17:41:24 [notice] 10#10: exit
2018/01/25 17:41:24 [notice] 1#1: signal 17 (SIGCHLD) received
2018/01/25 17:41:24 [notice] 1#1: worker process 8 exited with code 0
2018/01/25 17:41:24 [notice] 1#1: signal 29 (SIGIO) received
2018/01/25 17:41:24 [notice] 1#1: signal 17 (SIGCHLD) received
2018/01/25 17:41:24 [notice] 1#1: worker process 9 exited with code 0
2018/01/25 17:41:24 [notice] 1#1: signal 29 (SIGIO) received
2018/01/25 17:41:24 [notice] 1#1: signal 17 (SIGCHLD) received
2018/01/25 17:41:24 [notice] 1#1: worker process 10 exited with code 0
2018/01/25 17:41:24 [notice] 1#1: signal 29 (SIGIO) received
2018/01/25 17:41:24 [notice] 1#1: signal 17 (SIGCHLD) received
2018/01/25 17:41:24 [notice] 1#1: worker process 7 exited with code 0
2018/01/25 17:41:24 [notice] 1#1: exit
2018/01/25 17:45:59 [notice] 1#1: using the "epoll" event method
2018/01/25 17:45:59 [notice] 1#1: openresty/1.11.2.2
2018/01/25 17:45:59 [notice] 1#1: built by gcc 5.3.0 (Alpine 5.3.0) 
2018/01/25 17:45:59 [notice] 1#1: OS: Linux 4.4.0-112-generic
2018/01/25 17:45:59 [notice] 1#1: getrlimit(RLIMIT_NOFILE): 1048576:1048576
2018/01/25 17:45:59 [notice] 1#1: start worker processes
2018/01/25 17:45:59 [notice] 1#1: start worker process 7
2018/01/25 17:45:59 [notice] 1#1: start worker process 8
2018/01/25 17:45:59 [notice] 1#1: start worker process 9
2018/01/25 17:45:59 [notice] 1#1: start worker process 10
2018/01/25 17:46:44 [notice] 1#1: signal 15 (SIGTERM) received, exiting
2018/01/25 17:46:44 [notice] 8#8: exiting
2018/01/25 17:46:44 [notice] 7#7: exiting
2018/01/25 17:46:44 [notice] 8#8: exit
2018/01/25 17:46:44 [notice] 7#7: exit
2018/01/25 17:46:44 [notice] 9#9: exiting
2018/01/25 17:46:44 [notice] 9#9: exit
2018/01/25 17:46:44 [notice] 10#10: exiting
2018/01/25 17:46:44 [notice] 10#10: exit
2018/01/25 17:46:44 [notice] 1#1: signal 17 (SIGCHLD) received
2018/01/25 17:46:44 [notice] 1#1: worker process 8 exited with code 0
2018/01/25 17:46:44 [notice] 1#1: signal 29 (SIGIO) received
2018/01/25 17:46:44 [notice] 1#1: signal 17 (SIGCHLD) received
2018/01/25 17:46:44 [notice] 1#1: worker process 7 exited with code 0
2018/01/25 17:46:44 [notice] 1#1: worker process 10 exited with code 0
2018/01/25 17:46:44 [notice] 1#1: worker process 9 exited with code 0
2018/01/25 17:46:44 [notice] 1#1: exit
2018/01/25 17:47:52 [notice] 1#1: using the "epoll" event method
2018/01/25 17:47:52 [notice] 1#1: openresty/1.11.2.2
2018/01/25 17:47:52 [notice] 1#1: built by gcc 5.3.0 (Alpine 5.3.0) 
2018/01/25 17:47:52 [notice] 1#1: OS: Linux 4.4.0-112-generic
2018/01/25 17:47:52 [notice] 1#1: getrlimit(RLIMIT_NOFILE): 1048576:1048576
2018/01/25 17:47:52 [notice] 1#1: start worker processes
2018/01/25 17:47:52 [notice] 1#1: start worker process 7
2018/01/25 17:47:52 [notice] 1#1: start worker process 8
2018/01/25 17:47:52 [notice] 1#1: start worker process 9
2018/01/25 17:47:52 [notice] 1#1: start worker process 10
2018/01/25 17:49:06 [notice] 1#1: signal 15 (SIGTERM) received, exiting
2018/01/25 17:49:06 [notice] 9#9: exiting
2018/01/25 17:49:06 [notice] 8#8: exiting
2018/01/25 17:49:06 [notice] 8#8: exit
2018/01/25 17:49:06 [notice] 9#9: exit
2018/01/25 17:49:06 [notice] 7#7: exiting
2018/01/25 17:49:06 [notice] 10#10: exiting
2018/01/25 17:49:06 [notice] 7#7: exit
2018/01/25 17:49:06 [notice] 10#10: exit
2018/01/25 17:49:06 [notice] 1#1: signal 17 (SIGCHLD) received
2018/01/25 17:49:06 [notice] 1#1: worker process 7 exited with code 0
2018/01/25 17:49:06 [notice] 1#1: worker process 9 exited with code 0
2018/01/25 17:49:06 [notice] 1#1: signal 29 (SIGIO) received
2018/01/25 17:49:06 [notice] 1#1: signal 17 (SIGCHLD) received
2018/01/25 17:49:06 [notice] 1#1: worker process 8 exited with code 0
2018/01/25 17:49:06 [notice] 1#1: worker process 10 exited with code 0
2018/01/25 17:49:06 [notice] 1#1: exit
2018/01/25 17:56:55 [notice] 1#1: using the "epoll" event method
2018/01/25 17:56:55 [notice] 1#1: openresty/1.11.2.2
2018/01/25 17:56:55 [notice] 1#1: built by gcc 5.3.0 (Alpine 5.3.0) 
2018/01/25 17:56:55 [notice] 1#1: OS: Linux 4.4.0-112-generic
2018/01/25 17:56:55 [notice] 1#1: getrlimit(RLIMIT_NOFILE): 1048576:1048576
2018/01/25 17:56:55 [notice] 1#1: start worker processes
2018/01/25 17:56:55 [notice] 1#1: start worker process 7
2018/01/25 17:56:55 [notice] 1#1: start worker process 8
2018/01/25 17:56:55 [notice] 1#1: start worker process 9
2018/01/25 17:56:55 [notice] 1#1: start worker process 10
2018/01/25 17:57:15 [notice] 1#1: signal 15 (SIGTERM) received, exiting
2018/01/25 17:57:15 [notice] 7#7: exiting
2018/01/25 17:57:15 [notice] 9#9: exiting
2018/01/25 17:57:15 [notice] 7#7: exit
2018/01/25 17:57:15 [notice] 9#9: exit
2018/01/25 17:57:15 [notice] 8#8: exiting
2018/01/25 17:57:15 [notice] 8#8: exit
2018/01/25 17:57:15 [notice] 10#10: exiting
2018/01/25 17:57:15 [notice] 10#10: exit
2018/01/25 17:57:15 [notice] 1#1: signal 17 (SIGCHLD) received
2018/01/25 17:57:15 [notice] 1#1: worker process 7 exited with code 0
2018/01/25 17:57:15 [notice] 1#1: signal 29 (SIGIO) received
2018/01/25 17:57:15 [notice] 1#1: signal 17 (SIGCHLD) received
2018/01/25 17:57:15 [notice] 1#1: worker process 8 exited with code 0
2018/01/25 17:57:15 [notice] 1#1: worker process 9 exited with code 0
2018/01/25 17:57:15 [notice] 1#1: worker process 10 exited with code 0
2018/01/25 17:57:15 [notice] 1#1: exit
2018/01/25 17:57:48 [notice] 1#1: using the "epoll" event method
2018/01/25 17:57:48 [notice] 1#1: openresty/1.11.2.2
2018/01/25 17:57:48 [notice] 1#1: built by gcc 5.3.0 (Alpine 5.3.0) 
2018/01/25 17:57:48 [notice] 1#1: OS: Linux 4.4.0-112-generic
2018/01/25 17:57:48 [notice] 1#1: getrlimit(RLIMIT_NOFILE): 1048576:1048576
2018/01/25 17:57:48 [notice] 1#1: start worker processes
2018/01/25 17:57:48 [notice] 1#1: start worker process 7
2018/01/25 17:57:48 [notice] 1#1: start worker process 8
2018/01/25 17:57:48 [notice] 1#1: start worker process 9
2018/01/25 17:57:48 [notice] 1#1: start worker process 10
2018/01/25 17:59:38 [notice] 1#1: signal 15 (SIGTERM) received, exiting
2018/01/25 17:59:38 [notice] 8#8: exiting
2018/01/25 17:59:38 [notice] 7#7: exiting
2018/01/25 17:59:38 [notice] 7#7: exit
2018/01/25 17:59:38 [notice] 8#8: exit
2018/01/25 17:59:38 [notice] 9#9: exiting
2018/01/25 17:59:38 [notice] 9#9: exit
2018/01/25 17:59:38 [notice] 10#10: exiting
2018/01/25 17:59:38 [notice] 10#10: exit
2018/01/25 17:59:38 [notice] 1#1: signal 17 (SIGCHLD) received
2018/01/25 17:59:38 [notice] 1#1: worker process 7 exited with code 0
2018/01/25 17:59:38 [notice] 1#1: worker process 8 exited with code 0
2018/01/25 17:59:38 [notice] 1#1: worker process 9 exited with code 0
2018/01/25 17:59:38 [notice] 1#1: worker process 10 exited with code 0
2018/01/25 17:59:38 [notice] 1#1: exit
2018/01/25 18:00:20 [notice] 1#1: using the "epoll" event method
2018/01/25 18:00:20 [notice] 1#1: openresty/1.11.2.2
2018/01/25 18:00:20 [notice] 1#1: built by gcc 5.3.0 (Alpine 5.3.0) 
2018/01/25 18:00:20 [notice] 1#1: OS: Linux 4.4.0-112-generic
2018/01/25 18:00:20 [notice] 1#1: getrlimit(RLIMIT_NOFILE): 1048576:1048576
2018/01/25 18:00:20 [notice] 1#1: start worker processes
2018/01/25 18:00:20 [notice] 1#1: start worker process 7
2018/01/25 18:00:20 [notice] 1#1: start worker process 8
2018/01/25 18:00:20 [notice] 1#1: start worker process 9
2018/01/25 18:00:20 [notice] 1#1: start worker process 10
2018/01/25 18:01:13 [notice] 1#1: signal 15 (SIGTERM) received, exiting
2018/01/25 18:01:13 [notice] 9#9: exiting
2018/01/25 18:01:13 [notice] 8#8: exiting
2018/01/25 18:01:13 [notice] 8#8: exit
2018/01/25 18:01:13 [notice] 9#9: exit
2018/01/25 18:01:13 [notice] 7#7: exiting
2018/01/25 18:01:13 [notice] 10#10: exiting
2018/01/25 18:01:13 [notice] 7#7: exit
2018/01/25 18:01:13 [notice] 10#10: exit
2018/01/25 18:01:13 [notice] 1#1: signal 17 (SIGCHLD) received
2018/01/25 18:01:13 [notice] 1#1: worker process 7 exited with code 0
2018/01/25 18:01:13 [notice] 1#1: worker process 8 exited with code 0
2018/01/25 18:01:13 [notice] 1#1: worker process 9 exited with code 0
2018/01/25 18:01:13 [notice] 1#1: worker process 10 exited with code 0
2018/01/25 18:01:13 [notice] 1#1: exit
2018/01/25 18:01:14 [notice] 1#1: using the "epoll" event method
2018/01/25 18:01:14 [notice] 1#1: openresty/1.11.2.2
2018/01/25 18:01:14 [notice] 1#1: built by gcc 5.3.0 (Alpine 5.3.0) 
2018/01/25 18:01:14 [notice] 1#1: OS: Linux 4.4.0-112-generic
2018/01/25 18:01:14 [notice] 1#1: getrlimit(RLIMIT_NOFILE): 1048576:1048576
2018/01/25 18:01:14 [notice] 1#1: start worker processes
2018/01/25 18:01:14 [notice] 1#1: start worker process 7
2018/01/25 18:01:14 [notice] 1#1: start worker process 8
2018/01/25 18:01:14 [notice] 1#1: start worker process 9
2018/01/25 18:01:14 [notice] 1#1: start worker process 10
2018/01/25 18:01:43 [notice] 1#1: signal 15 (SIGTERM) received, exiting
2018/01/25 18:01:43 [notice] 8#8: exiting
2018/01/25 18:01:43 [notice] 7#7: exiting
2018/01/25 18:01:43 [notice] 7#7: exit
2018/01/25 18:01:43 [notice] 8#8: exit
2018/01/25 18:01:43 [notice] 9#9: exiting
2018/01/25 18:01:43 [notice] 10#10: exiting
2018/01/25 18:01:43 [notice] 10#10: exit
2018/01/25 18:01:43 [notice] 9#9: exit
2018/01/25 18:01:43 [notice] 1#1: signal 17 (SIGCHLD) received
2018/01/25 18:01:43 [notice] 1#1: worker process 7 exited with code 0
2018/01/25 18:01:43 [notice] 1#1: worker process 10 exited with code 0
2018/01/25 18:01:43 [notice] 1#1: signal 29 (SIGIO) received
2018/01/25 18:01:43 [notice] 1#1: signal 17 (SIGCHLD) received
2018/01/25 18:01:43 [notice] 1#1: worker process 8 exited with code 0
2018/01/25 18:01:43 [notice] 1#1: signal 17 (SIGCHLD) received
2018/01/25 18:01:43 [notice] 1#1: worker process 9 exited with code 0
2018/01/25 18:01:43 [notice] 1#1: exit
2018/01/25 18:01:44 [notice] 1#1: using the "epoll" event method
2018/01/25 18:01:44 [notice] 1#1: openresty/1.11.2.2
2018/01/25 18:01:44 [notice] 1#1: built by gcc 5.3.0 (Alpine 5.3.0) 
2018/01/25 18:01:44 [notice] 1#1: OS: Linux 4.4.0-112-generic
2018/01/25 18:01:44 [notice] 1#1: getrlimit(RLIMIT_NOFILE): 1048576:1048576
2018/01/25 18:01:44 [notice] 1#1: start worker processes
2018/01/25 18:01:44 [notice] 1#1: start worker process 6
2018/01/25 18:01:44 [notice] 1#1: start worker process 7
2018/01/25 18:01:44 [notice] 1#1: start worker process 8
2018/01/25 18:01:44 [notice] 1#1: start worker process 9
2018/01/25 18:02:37 [notice] 1#1: signal 15 (SIGTERM) received, exiting
2018/01/25 18:02:37 [notice] 6#6: exiting
2018/01/25 18:02:37 [notice] 7#7: exiting
2018/01/25 18:02:37 [notice] 8#8: exiting
2018/01/25 18:02:37 [notice] 8#8: exit
2018/01/25 18:02:37 [notice] 7#7: exit
2018/01/25 18:02:37 [notice] 6#6: exit
2018/01/25 18:02:37 [notice] 9#9: exiting
2018/01/25 18:02:37 [notice] 9#9: exit
2018/01/25 18:02:37 [notice] 1#1: signal 17 (SIGCHLD) received
2018/01/25 18:02:37 [notice] 1#1: worker process 6 exited with code 0
2018/01/25 18:02:37 [notice] 1#1: worker process 7 exited with code 0
2018/01/25 18:02:37 [notice] 1#1: worker process 9 exited with code 0
2018/01/25 18:02:37 [notice] 1#1: signal 29 (SIGIO) received
2018/01/25 18:02:37 [notice] 1#1: signal 17 (SIGCHLD) received
2018/01/25 18:02:37 [notice] 1#1: signal 17 (SIGCHLD) received
2018/01/25 18:02:37 [notice] 1#1: worker process 8 exited with code 0
2018/01/25 18:02:37 [notice] 1#1: exit
2018/01/25 18:02:37 [notice] 1#1: using the "epoll" event method
2018/01/25 18:02:37 [notice] 1#1: openresty/1.11.2.2
2018/01/25 18:02:37 [notice] 1#1: built by gcc 5.3.0 (Alpine 5.3.0) 
2018/01/25 18:02:37 [notice] 1#1: OS: Linux 4.4.0-112-generic
2018/01/25 18:02:37 [notice] 1#1: getrlimit(RLIMIT_NOFILE): 1048576:1048576
2018/01/25 18:02:37 [notice] 1#1: start worker processes
2018/01/25 18:02:37 [notice] 1#1: start worker process 7
2018/01/25 18:02:37 [notice] 1#1: start worker process 8
2018/01/25 18:02:37 [notice] 1#1: start worker process 9
2018/01/25 18:02:37 [notice] 1#1: start worker process 10
2018/01/25 18:04:32 [notice] 1#1: signal 15 (SIGTERM) received, exiting
2018/01/25 18:04:32 [notice] 7#7: exiting
2018/01/25 18:04:32 [notice] 9#9: exiting
2018/01/25 18:04:32 [notice] 8#8: exiting
2018/01/25 18:04:32 [notice] 9#9: exit
2018/01/25 18:04:32 [notice] 8#8: exit
2018/01/25 18:04:32 [notice] 7#7: exit
2018/01/25 18:04:32 [notice] 10#10: exiting
2018/01/25 18:04:32 [notice] 10#10: exit
2018/01/25 18:04:32 [notice] 1#1: signal 17 (SIGCHLD) received
2018/01/25 18:04:32 [notice] 1#1: worker process 7 exited with code 0
2018/01/25 18:04:32 [notice] 1#1: worker process 8 exited with code 0
2018/01/25 18:04:32 [notice] 1#1: worker process 10 exited with code 0
2018/01/25 18:04:32 [notice] 1#1: signal 29 (SIGIO) received
2018/01/25 18:04:32 [notice] 1#1: signal 17 (SIGCHLD) received
2018/01/25 18:04:32 [notice] 1#1: worker process 9 exited with code 0
2018/01/25 18:04:32 [notice] 1#1: exit
2018/01/25 18:04:33 [notice] 1#1: using the "epoll" event method
2018/01/25 18:04:33 [notice] 1#1: openresty/1.11.2.2
2018/01/25 18:04:33 [notice] 1#1: built by gcc 5.3.0 (Alpine 5.3.0) 
2018/01/25 18:04:33 [notice] 1#1: OS: Linux 4.4.0-112-generic
2018/01/25 18:04:33 [notice] 1#1: getrlimit(RLIMIT_NOFILE): 1048576:1048576
2018/01/25 18:04:33 [notice] 1#1: start worker processes
2018/01/25 18:04:33 [notice] 1#1: start worker process 6
2018/01/25 18:04:33 [notice] 1#1: start worker process 7
2018/01/25 18:04:33 [notice] 1#1: start worker process 8
2018/01/25 18:04:33 [notice] 1#1: start worker process 9
2018/01/25 18:10:42 [notice] 1#1: signal 15 (SIGTERM) received, exiting
2018/01/25 18:10:42 [notice] 6#6: exiting
2018/01/25 18:10:42 [notice] 6#6: exit
2018/01/25 18:10:42 [notice] 7#7: exiting
2018/01/25 18:10:42 [notice] 7#7: exit
2018/01/25 18:10:42 [notice] 8#8: exiting
2018/01/25 18:10:42 [notice] 8#8: exit
2018/01/25 18:10:42 [notice] 9#9: exiting
2018/01/25 18:10:42 [notice] 9#9: exit
2018/01/25 18:10:42 [notice] 1#1: signal 17 (SIGCHLD) received
2018/01/25 18:10:42 [notice] 1#1: worker process 6 exited with code 0
2018/01/25 18:10:42 [notice] 1#1: worker process 7 exited with code 0
2018/01/25 18:10:42 [notice] 1#1: worker process 8 exited with code 0
2018/01/25 18:10:42 [notice] 1#1: worker process 9 exited with code 0
2018/01/25 18:10:42 [notice] 1#1: exit
2018/01/25 18:11:48 [notice] 1#1: using the "epoll" event method
2018/01/25 18:11:48 [notice] 1#1: openresty/1.11.2.2
2018/01/25 18:11:48 [notice] 1#1: built by gcc 5.3.0 (Alpine 5.3.0) 
2018/01/25 18:11:48 [notice] 1#1: OS: Linux 4.4.0-112-generic
2018/01/25 18:11:48 [notice] 1#1: getrlimit(RLIMIT_NOFILE): 1048576:1048576
2018/01/25 18:11:48 [notice] 1#1: start worker processes
2018/01/25 18:11:48 [notice] 1#1: start worker process 7
2018/01/25 18:11:48 [notice] 1#1: start worker process 8
2018/01/25 18:11:48 [notice] 1#1: start worker process 9
2018/01/25 18:11:48 [notice] 1#1: start worker process 10
2018/01/25 18:13:33 [notice] 1#1: signal 15 (SIGTERM) received, exiting
2018/01/25 18:13:33 [notice] 7#7: exiting
2018/01/25 18:13:33 [notice] 9#9: exiting
2018/01/25 18:13:33 [notice] 7#7: exit
2018/01/25 18:13:33 [notice] 9#9: exit
2018/01/25 18:13:33 [notice] 8#8: exiting
2018/01/25 18:13:33 [notice] 8#8: exit
2018/01/25 18:13:33 [notice] 10#10: exiting
2018/01/25 18:13:33 [notice] 10#10: exit
2018/01/25 18:13:33 [notice] 1#1: signal 17 (SIGCHLD) received
2018/01/25 18:13:33 [notice] 1#1: worker process 8 exited with code 0
2018/01/25 18:13:33 [notice] 1#1: worker process 9 exited with code 0
2018/01/25 18:13:33 [notice] 1#1: signal 29 (SIGIO) received
2018/01/25 18:13:33 [notice] 1#1: signal 17 (SIGCHLD) received
2018/01/25 18:13:33 [notice] 1#1: worker process 7 exited with code 0
2018/01/25 18:13:33 [notice] 1#1: signal 29 (SIGIO) received
2018/01/25 18:13:33 [notice] 1#1: signal 17 (SIGCHLD) received
2018/01/25 18:13:33 [notice] 1#1: worker process 10 exited with code 0
2018/01/25 18:13:33 [notice] 1#1: exit
2018/01/25 18:13:39 [notice] 1#1: using the "epoll" event method
2018/01/25 18:13:39 [notice] 1#1: openresty/1.11.2.2
2018/01/25 18:13:39 [notice] 1#1: built by gcc 5.3.0 (Alpine 5.3.0) 
2018/01/25 18:13:39 [notice] 1#1: OS: Linux 4.4.0-112-generic
2018/01/25 18:13:39 [notice] 1#1: getrlimit(RLIMIT_NOFILE): 1048576:1048576
2018/01/25 18:13:39 [notice] 1#1: start worker processes
2018/01/25 18:13:39 [notice] 1#1: start worker process 7
2018/01/25 18:13:39 [notice] 1#1: start worker process 8
2018/01/25 18:13:39 [notice] 1#1: start worker process 9
2018/01/25 18:13:39 [notice] 1#1: start worker process 10
2018/01/25 18:17:24 [notice] 1#1: signal 15 (SIGTERM) received, exiting
2018/01/25 18:17:24 [notice] 7#7: exiting
2018/01/25 18:17:24 [notice] 8#8: exiting
2018/01/25 18:17:24 [notice] 8#8: exit
2018/01/25 18:17:24 [notice] 7#7: exit
2018/01/25 18:17:24 [notice] 9#9: exiting
2018/01/25 18:17:24 [notice] 9#9: exit
2018/01/25 18:17:24 [notice] 10#10: exiting
2018/01/25 18:17:24 [notice] 10#10: exit
2018/01/25 18:17:24 [notice] 1#1: signal 17 (SIGCHLD) received
2018/01/25 18:17:24 [notice] 1#1: worker process 7 exited with code 0
2018/01/25 18:17:24 [notice] 1#1: signal 29 (SIGIO) received
2018/01/25 18:17:24 [notice] 1#1: signal 17 (SIGCHLD) received
2018/01/25 18:17:24 [notice] 1#1: worker process 8 exited with code 0
2018/01/25 18:17:24 [notice] 1#1: worker process 9 exited with code 0
2018/01/25 18:17:24 [notice] 1#1: worker process 10 exited with code 0
2018/01/25 18:17:24 [notice] 1#1: exit
2018/01/25 18:17:45 [notice] 1#1: using the "epoll" event method
2018/01/25 18:17:45 [notice] 1#1: openresty/1.11.2.2
2018/01/25 18:17:45 [notice] 1#1: built by gcc 5.3.0 (Alpine 5.3.0) 
2018/01/25 18:17:45 [notice] 1#1: OS: Linux 4.4.0-112-generic
2018/01/25 18:17:45 [notice] 1#1: getrlimit(RLIMIT_NOFILE): 1048576:1048576
2018/01/25 18:17:45 [notice] 1#1: start worker processes
2018/01/25 18:17:45 [notice] 1#1: start worker process 7
2018/01/25 18:17:45 [notice] 1#1: start worker process 8
2018/01/25 18:17:45 [notice] 1#1: start worker process 9
2018/01/25 18:17:45 [notice] 1#1: start worker process 10
2018/01/25 18:17:48 [notice] 1#1: signal 15 (SIGTERM) received, exiting
2018/01/25 18:17:48 [notice] 8#8: exiting
2018/01/25 18:17:48 [notice] 7#7: exiting
2018/01/25 18:17:48 [notice] 7#7: exit
2018/01/25 18:17:48 [notice] 8#8: exit
2018/01/25 18:17:48 [notice] 9#9: exiting
2018/01/25 18:17:48 [notice] 10#10: exiting
2018/01/25 18:17:48 [notice] 9#9: exit
2018/01/25 18:17:48 [notice] 10#10: exit
2018/01/25 18:17:48 [notice] 1#1: signal 17 (SIGCHLD) received
2018/01/25 18:17:48 [notice] 1#1: worker process 7 exited with code 0
2018/01/25 18:17:48 [notice] 1#1: worker process 8 exited with code 0
2018/01/25 18:17:48 [notice] 1#1: worker process 10 exited with code 0
2018/01/25 18:17:48 [notice] 1#1: signal 29 (SIGIO) received
2018/01/25 18:17:48 [notice] 1#1: signal 17 (SIGCHLD) received
2018/01/25 18:17:48 [notice] 1#1: signal 17 (SIGCHLD) received
2018/01/25 18:17:48 [notice] 1#1: worker process 9 exited with code 0
2018/01/25 18:17:48 [notice] 1#1: exit
2018/01/25 18:19:49 [notice] 1#1: using the "epoll" event method
2018/01/25 18:19:49 [notice] 1#1: openresty/1.11.2.2
2018/01/25 18:19:49 [notice] 1#1: built by gcc 5.3.0 (Alpine 5.3.0) 
2018/01/25 18:19:49 [notice] 1#1: OS: Linux 4.4.0-112-generic
2018/01/25 18:19:49 [notice] 1#1: getrlimit(RLIMIT_NOFILE): 1048576:1048576
2018/01/25 18:19:49 [notice] 1#1: start worker processes
2018/01/25 18:19:49 [notice] 1#1: start worker process 6
2018/01/25 18:19:49 [notice] 1#1: start worker process 7
2018/01/25 18:19:49 [notice] 1#1: start worker process 8
2018/01/25 18:19:49 [notice] 1#1: start worker process 9
2018/01/25 18:23:17 [notice] 1#1: signal 15 (SIGTERM) received, exiting
2018/01/25 18:23:17 [notice] 7#7: exiting
2018/01/25 18:23:17 [notice] 7#7: exit
2018/01/25 18:23:17 [notice] 6#6: exiting
2018/01/25 18:23:17 [notice] 6#6: exit
2018/01/25 18:23:17 [notice] 8#8: exiting
2018/01/25 18:23:17 [notice] 8#8: exit
2018/01/25 18:23:17 [notice] 9#9: exiting
2018/01/25 18:23:17 [notice] 9#9: exit
2018/01/25 18:23:17 [notice] 1#1: signal 17 (SIGCHLD) received
2018/01/25 18:23:17 [notice] 1#1: worker process 6 exited with code 0
2018/01/25 18:23:17 [notice] 1#1: worker process 7 exited with code 0
2018/01/25 18:23:17 [notice] 1#1: worker process 8 exited with code 0
2018/01/25 18:23:17 [notice] 1#1: worker process 9 exited with code 0
2018/01/25 18:23:17 [notice] 1#1: exit
2018/01/25 18:24:13 [notice] 1#1: using the "epoll" event method
2018/01/25 18:24:13 [notice] 1#1: openresty/1.11.2.2
2018/01/25 18:24:13 [notice] 1#1: built by gcc 5.3.0 (Alpine 5.3.0) 
2018/01/25 18:24:13 [notice] 1#1: OS: Linux 4.4.0-112-generic
2018/01/25 18:24:13 [notice] 1#1: getrlimit(RLIMIT_NOFILE): 1048576:1048576
2018/01/25 18:24:13 [notice] 1#1: start worker processes
2018/01/25 18:24:13 [notice] 1#1: start worker process 7
2018/01/25 18:24:13 [notice] 1#1: start worker process 8
2018/01/25 18:24:13 [notice] 1#1: start worker process 9
2018/01/25 18:24:13 [notice] 1#1: start worker process 10
2018/01/25 18:24:56 [notice] 1#1: signal 15 (SIGTERM) received, exiting
2018/01/25 18:24:56 [notice] 7#7: exiting
2018/01/25 18:24:56 [notice] 7#7: exit
2018/01/25 18:24:56 [notice] 8#8: exiting
2018/01/25 18:24:56 [notice] 9#9: exiting
2018/01/25 18:24:56 [notice] 9#9: exit
2018/01/25 18:24:56 [notice] 8#8: exit
2018/01/25 18:24:56 [notice] 10#10: exiting
2018/01/25 18:24:56 [notice] 10#10: exit
2018/01/25 18:24:56 [notice] 1#1: signal 17 (SIGCHLD) received
2018/01/25 18:24:56 [notice] 1#1: worker process 8 exited with code 0
2018/01/25 18:24:56 [notice] 1#1: worker process 10 exited with code 0
2018/01/25 18:24:56 [notice] 1#1: signal 29 (SIGIO) received
2018/01/25 18:24:56 [notice] 1#1: signal 17 (SIGCHLD) received
2018/01/25 18:24:56 [notice] 1#1: signal 17 (SIGCHLD) received
2018/01/25 18:24:56 [notice] 1#1: worker process 7 exited with code 0
2018/01/25 18:24:56 [notice] 1#1: worker process 9 exited with code 0
2018/01/25 18:24:56 [notice] 1#1: exit
2018/01/25 18:26:09 [notice] 1#1: using the "epoll" event method
2018/01/25 18:26:09 [notice] 1#1: openresty/1.11.2.2
2018/01/25 18:26:09 [notice] 1#1: built by gcc 5.3.0 (Alpine 5.3.0) 
2018/01/25 18:26:09 [notice] 1#1: OS: Linux 4.4.0-112-generic
2018/01/25 18:26:09 [notice] 1#1: getrlimit(RLIMIT_NOFILE): 1048576:1048576
2018/01/25 18:26:09 [notice] 1#1: start worker processes
2018/01/25 18:26:09 [notice] 1#1: start worker process 7
2018/01/25 18:26:09 [notice] 1#1: start worker process 8
2018/01/25 18:26:09 [notice] 1#1: start worker process 9
2018/01/25 18:26:09 [notice] 1#1: start worker process 10
2018/01/25 18:28:24 [notice] 1#1: signal 15 (SIGTERM) received, exiting
2018/01/25 18:28:24 [notice] 7#7: exiting
2018/01/25 18:28:24 [notice] 9#9: exiting
2018/01/25 18:28:24 [notice] 7#7: exit
2018/01/25 18:28:24 [notice] 9#9: exit
2018/01/25 18:28:24 [notice] 8#8: exiting
2018/01/25 18:28:24 [notice] 8#8: exit
2018/01/25 18:28:24 [notice] 10#10: exiting
2018/01/25 18:28:24 [notice] 10#10: exit
2018/01/25 18:28:24 [notice] 1#1: signal 17 (SIGCHLD) received
2018/01/25 18:28:24 [notice] 1#1: worker process 7 exited with code 0
2018/01/25 18:28:24 [notice] 1#1: signal 29 (SIGIO) received
2018/01/25 18:28:24 [notice] 1#1: signal 17 (SIGCHLD) received
2018/01/25 18:28:24 [notice] 1#1: worker process 8 exited with code 0
2018/01/25 18:28:24 [notice] 1#1: worker process 9 exited with code 0
2018/01/25 18:28:24 [notice] 1#1: signal 29 (SIGIO) received
2018/01/25 18:28:24 [notice] 1#1: signal 17 (SIGCHLD) received
2018/01/25 18:28:24 [notice] 1#1: worker process 10 exited with code 0
2018/01/25 18:28:24 [notice] 1#1: exit
2018/01/25 18:30:51 [notice] 1#1: using the "epoll" event method
2018/01/25 18:30:51 [notice] 1#1: openresty/1.11.2.2
2018/01/25 18:30:51 [notice] 1#1: built by gcc 5.3.0 (Alpine 5.3.0) 
2018/01/25 18:30:51 [notice] 1#1: OS: Linux 4.4.0-112-generic
2018/01/25 18:30:51 [notice] 1#1: getrlimit(RLIMIT_NOFILE): 1048576:1048576
2018/01/25 18:30:51 [notice] 1#1: start worker processes
2018/01/25 18:30:51 [notice] 1#1: start worker process 7
2018/01/25 18:30:51 [notice] 1#1: start worker process 8
2018/01/25 18:30:51 [notice] 1#1: start worker process 9
2018/01/25 18:30:51 [notice] 1#1: start worker process 10
2018/01/25 18:31:05 [notice] 1#1: signal 15 (SIGTERM) received, exiting
2018/01/25 18:31:05 [notice] 10#10: exiting
2018/01/25 18:31:05 [notice] 7#7: exiting
2018/01/25 18:31:05 [notice] 10#10: exit
2018/01/25 18:31:05 [notice] 7#7: exit
2018/01/25 18:31:05 [notice] 8#8: exiting
2018/01/25 18:31:05 [notice] 8#8: exit
2018/01/25 18:31:05 [notice] 9#9: exiting
2018/01/25 18:31:05 [notice] 9#9: exit
2018/01/25 18:31:05 [notice] 1#1: signal 17 (SIGCHLD) received
2018/01/25 18:31:05 [notice] 1#1: worker process 7 exited with code 0
2018/01/25 18:31:05 [notice] 1#1: signal 29 (SIGIO) received
2018/01/25 18:31:05 [notice] 1#1: signal 17 (SIGCHLD) received
2018/01/25 18:31:05 [notice] 1#1: worker process 8 exited with code 0
2018/01/25 18:31:05 [notice] 1#1: worker process 9 exited with code 0
2018/01/25 18:31:05 [notice] 1#1: worker process 10 exited with code 0
2018/01/25 18:31:05 [notice] 1#1: exit
2018/01/25 18:31:18 [notice] 1#1: using the "epoll" event method
2018/01/25 18:31:18 [notice] 1#1: openresty/1.11.2.2
2018/01/25 18:31:18 [notice] 1#1: built by gcc 5.3.0 (Alpine 5.3.0) 
2018/01/25 18:31:18 [notice] 1#1: OS: Linux 4.4.0-112-generic
2018/01/25 18:31:18 [notice] 1#1: getrlimit(RLIMIT_NOFILE): 1048576:1048576
2018/01/25 18:31:18 [notice] 1#1: start worker processes
2018/01/25 18:31:18 [notice] 1#1: start worker process 7
2018/01/25 18:31:18 [notice] 1#1: start worker process 8
2018/01/25 18:31:18 [notice] 1#1: start worker process 9
2018/01/25 18:31:18 [notice] 1#1: start worker process 10
2018/01/25 18:33:37 [notice] 1#1: signal 15 (SIGTERM) received, exiting
2018/01/25 18:33:37 [notice] 8#8: exiting
2018/01/25 18:33:37 [notice] 8#8: exit
2018/01/25 18:33:37 [notice] 7#7: exiting
2018/01/25 18:33:37 [notice] 7#7: exit
2018/01/25 18:33:37 [notice] 9#9: exiting
2018/01/25 18:33:37 [notice] 9#9: exit
2018/01/25 18:33:37 [notice] 10#10: exiting
2018/01/25 18:33:37 [notice] 10#10: exit
2018/01/25 18:33:37 [notice] 1#1: signal 17 (SIGCHLD) received
2018/01/25 18:33:37 [notice] 1#1: worker process 7 exited with code 0
2018/01/25 18:33:37 [notice] 1#1: worker process 8 exited with code 0
2018/01/25 18:33:37 [notice] 1#1: worker process 9 exited with code 0
2018/01/25 18:33:37 [notice] 1#1: worker process 10 exited with code 0
2018/01/25 18:33:37 [notice] 1#1: exit
2018/01/25 18:33:45 [notice] 1#1: using the "epoll" event method
2018/01/25 18:33:45 [notice] 1#1: openresty/1.11.2.2
2018/01/25 18:33:45 [notice] 1#1: built by gcc 5.3.0 (Alpine 5.3.0) 
2018/01/25 18:33:45 [notice] 1#1: OS: Linux 4.4.0-112-generic
2018/01/25 18:33:45 [notice] 1#1: getrlimit(RLIMIT_NOFILE): 1048576:1048576
2018/01/25 18:33:45 [notice] 1#1: start worker processes
2018/01/25 18:33:45 [notice] 1#1: start worker process 7
2018/01/25 18:33:45 [notice] 1#1: start worker process 8
2018/01/25 18:33:45 [notice] 1#1: start worker process 9
2018/01/25 18:33:45 [notice] 1#1: start worker process 10
2018/01/25 18:34:41 [notice] 1#1: signal 15 (SIGTERM) received, exiting
2018/01/25 18:34:41 [notice] 7#7: exiting
2018/01/25 18:34:41 [notice] 7#7: exit
2018/01/25 18:34:41 [notice] 8#8: exiting
2018/01/25 18:34:41 [notice] 9#9: exiting
2018/01/25 18:34:41 [notice] 10#10: exiting
2018/01/25 18:34:41 [notice] 9#9: exit
2018/01/25 18:34:41 [notice] 10#10: exit
2018/01/25 18:34:41 [notice] 8#8: exit
2018/01/25 18:34:41 [notice] 1#1: signal 17 (SIGCHLD) received
2018/01/25 18:34:41 [notice] 1#1: worker process 8 exited with code 0
2018/01/25 18:34:41 [notice] 1#1: signal 29 (SIGIO) received
2018/01/25 18:34:41 [notice] 1#1: signal 17 (SIGCHLD) received
2018/01/25 18:34:41 [notice] 1#1: worker process 7 exited with code 0
2018/01/25 18:34:41 [notice] 1#1: worker process 9 exited with code 0
2018/01/25 18:34:41 [notice] 1#1: worker process 10 exited with code 0
2018/01/25 18:34:41 [notice] 1#1: exit
2018/01/25 18:36:29 [notice] 1#1: using the "epoll" event method
2018/01/25 18:36:29 [notice] 1#1: openresty/1.11.2.2
2018/01/25 18:36:29 [notice] 1#1: built by gcc 5.3.0 (Alpine 5.3.0) 
2018/01/25 18:36:29 [notice] 1#1: OS: Linux 4.4.0-112-generic
2018/01/25 18:36:29 [notice] 1#1: getrlimit(RLIMIT_NOFILE): 1048576:1048576
2018/01/25 18:36:29 [notice] 1#1: start worker processes
2018/01/25 18:36:29 [notice] 1#1: start worker process 6
2018/01/25 18:36:29 [notice] 1#1: start worker process 7
2018/01/25 18:36:29 [notice] 1#1: start worker process 8
2018/01/25 18:36:29 [notice] 1#1: start worker process 9
2018/01/25 18:37:30 [notice] 1#1: signal 15 (SIGTERM) received, exiting
2018/01/25 18:37:30 [notice] 6#6: exiting
2018/01/25 18:37:30 [notice] 8#8: exiting
2018/01/25 18:37:30 [notice] 8#8: exit
2018/01/25 18:37:30 [notice] 6#6: exit
2018/01/25 18:37:30 [notice] 7#7: exiting
2018/01/25 18:37:30 [notice] 7#7: exit
2018/01/25 18:37:30 [notice] 9#9: exiting
2018/01/25 18:37:30 [notice] 9#9: exit
2018/01/25 18:37:30 [notice] 1#1: signal 17 (SIGCHLD) received
2018/01/25 18:37:30 [notice] 1#1: worker process 6 exited with code 0
2018/01/25 18:37:30 [notice] 1#1: worker process 8 exited with code 0
2018/01/25 18:37:30 [notice] 1#1: signal 29 (SIGIO) received
2018/01/25 18:37:30 [notice] 1#1: signal 17 (SIGCHLD) received
2018/01/25 18:37:30 [notice] 1#1: worker process 7 exited with code 0
2018/01/25 18:37:30 [notice] 1#1: worker process 9 exited with code 0
2018/01/25 18:37:30 [notice] 1#1: exit
